<?xml version="1.0" encoding="UTF-8"?>
<testsuite name="ru.stqa.pft.wombat_admin.tests.GradeArchiveTest" tests="12" skipped="0" failures="1" errors="0" timestamp="2019-02-18T07:14:26" hostname="Mac-mini-kuku-epta.local" time="105.047">
  <properties/>
  <testcase name="testArchiveGrade" classname="ru.stqa.pft.wombat_admin.tests.GradeArchiveTest" time="1.877"/>
  <testcase name="testReturnFromArchiveGrade" classname="ru.stqa.pft.wombat_admin.tests.GradeArchiveTest" time="2.114"/>
  <testcase name="testCancelArchiveGrade" classname="ru.stqa.pft.wombat_admin.tests.GradeArchiveTest" time="1.039"/>
  <testcase name="testCancelReturnFromArchiveGrade" classname="ru.stqa.pft.wombat_admin.tests.GradeArchiveTest" time="1.058"/>
  <testcase name="testNoEditIconFromArchived" classname="ru.stqa.pft.wombat_admin.tests.GradeArchiveTest" time="2.065"/>
  <testcase name="testEditIconAfterAddArchive" classname="ru.stqa.pft.wombat_admin.tests.GradeArchiveTest" time="1.965"/>
  <testcase name="testEditIconAfterReturnArchive" classname="ru.stqa.pft.wombat_admin.tests.GradeArchiveTest" time="1.096"/>
  <testcase name="testReturnFromArchiveGradeAlert" classname="ru.stqa.pft.wombat_admin.tests.GradeArchiveTest" time="1.296"/>
  <testcase name="testInabilityToOpenCardAfterArchive" classname="ru.stqa.pft.wombat_admin.tests.GradeArchiveTest" time="6.795">
    <failure message="Element should not have text 'Описание:' {div[class^='wrapper__src-gradesBrandNew-views-Grades-containers-GradeItemRoutes-'].findBy(match text 'G1')}&#10;Element: '&lt;div class=&quot;wrapper__src-gradesBrandNew-views-Grades-containers-GradeItemRoutes-__3pH&quot;&gt;G10&#10;Grade 10&#10;+&#10;95 000&#10;0&#10;0&#10;Описание:&#10;разработчик 10 грейда, рост: Наставник, Техлид, вертикальный рост: Тимлид, Руководитель проектов, Техдиректор&lt;/div&gt;'&#10;Screenshot: file:/Users/vladislavsavenko/Documents/GitHub/java_ptf/wombat_admin/build/reports/tests/1550474142192.2.png&#10;Page source: file:/Users/vladislavsavenko/Documents/GitHub/java_ptf/wombat_admin/build/reports/tests/1550474142192.2.html&#10;Timeout: 4 s." type="com.codeborne.selenide.ex.ElementShouldNot">Element should not have text 'Описание:' {div[class^='wrapper__src-gradesBrandNew-views-Grades-containers-GradeItemRoutes-'].findBy(match text 'G1')}
Element: '&lt;div class=&quot;wrapper__src-gradesBrandNew-views-Grades-containers-GradeItemRoutes-__3pH&quot;&gt;G10
Grade 10
+
95 000
0
0
Описание:
разработчик 10 грейда, рост: Наставник, Техлид, вертикальный рост: Тимлид, Руководитель проектов, Техдиректор&lt;/div&gt;'
Screenshot: file:/Users/vladislavsavenko/Documents/GitHub/java_ptf/wombat_admin/build/reports/tests/1550474142192.2.png
Page source: file:/Users/vladislavsavenko/Documents/GitHub/java_ptf/wombat_admin/build/reports/tests/1550474142192.2.html
Timeout: 4 s.
	at com.codeborne.selenide.impl.WebElementSource.checkCondition(WebElementSource.java:63)
	at com.codeborne.selenide.commands.ShouldNot.shouldNot(ShouldNot.java:36)
	at com.codeborne.selenide.commands.ShouldNot.execute(ShouldNot.java:29)
	at com.codeborne.selenide.commands.ShouldNot.execute(ShouldNot.java:12)
	at com.codeborne.selenide.commands.Commands.execute(Commands.java:144)
	at com.codeborne.selenide.impl.SelenideElementProxy.dispatchAndRetry(SelenideElementProxy.java:90)
	at com.codeborne.selenide.impl.SelenideElementProxy.invoke(SelenideElementProxy.java:65)
	at com.sun.proxy.$Proxy7.shouldNotHave(Unknown Source)
	at ru.stqa.pft.wombat_admin.appmanager.GradeHelper.openCardAfterArchive(GradeHelper.java:324)
	at ru.stqa.pft.wombat_admin.tests.GradeArchiveTest.testInabilityToOpenCardAfterArchive(GradeArchiveTest.java:81)
	at sun.reflect.NativeMethodAccessorImpl.invoke0(Native Method)
	at sun.reflect.NativeMethodAccessorImpl.invoke(NativeMethodAccessorImpl.java:62)
	at sun.reflect.DelegatingMethodAccessorImpl.invoke(DelegatingMethodAccessorImpl.java:43)
	at java.lang.reflect.Method.invoke(Method.java:498)
	at org.testng.internal.MethodInvocationHelper.invokeMethod(MethodInvocationHelper.java:86)
	at org.testng.internal.Invoker.invokeMethod(Invoker.java:643)
	at org.testng.internal.Invoker.invokeTestMethod(Invoker.java:820)
	at org.testng.internal.Invoker.invokeTestMethods(Invoker.java:1128)
	at org.testng.internal.TestMethodWorker.invokeTestMethods(TestMethodWorker.java:129)
	at org.testng.internal.TestMethodWorker.run(TestMethodWorker.java:112)
	at org.testng.TestRunner.privateRun(TestRunner.java:782)
	at org.testng.TestRunner.run(TestRunner.java:632)
	at org.testng.SuiteRunner.runTest(SuiteRunner.java:366)
	at org.testng.SuiteRunner.runSequentially(SuiteRunner.java:361)
	at org.testng.SuiteRunner.privateRun(SuiteRunner.java:319)
	at org.testng.SuiteRunner.run(SuiteRunner.java:268)
	at org.testng.SuiteRunnerWorker.runSuite(SuiteRunnerWorker.java:52)
	at org.testng.SuiteRunnerWorker.run(SuiteRunnerWorker.java:86)
	at org.testng.TestNG.runSuitesSequentially(TestNG.java:1244)
	at org.testng.TestNG.runSuitesLocally(TestNG.java:1169)
	at org.testng.TestNG.run(TestNG.java:1064)
	at org.gradle.api.internal.tasks.testing.testng.TestNGTestClassProcessor.runTests(TestNGTestClassProcessor.java:139)
	at org.gradle.api.internal.tasks.testing.testng.TestNGTestClassProcessor.stop(TestNGTestClassProcessor.java:89)
	at org.gradle.api.internal.tasks.testing.SuiteTestClassProcessor.stop(SuiteTestClassProcessor.java:61)
	at sun.reflect.NativeMethodAccessorImpl.invoke0(Native Method)
	at sun.reflect.NativeMethodAccessorImpl.invoke(NativeMethodAccessorImpl.java:62)
	at sun.reflect.DelegatingMethodAccessorImpl.invoke(DelegatingMethodAccessorImpl.java:43)
	at java.lang.reflect.Method.invoke(Method.java:498)
	at org.gradle.internal.dispatch.ReflectionDispatch.dispatch(ReflectionDispatch.java:35)
	at org.gradle.internal.dispatch.ReflectionDispatch.dispatch(ReflectionDispatch.java:24)
	at org.gradle.internal.dispatch.ContextClassLoaderDispatch.dispatch(ContextClassLoaderDispatch.java:32)
	at org.gradle.internal.dispatch.ProxyDispatchAdapter$DispatchingInvocationHandler.invoke(ProxyDispatchAdapter.java:93)
	at com.sun.proxy.$Proxy1.stop(Unknown Source)
	at org.gradle.api.internal.tasks.testing.worker.TestWorker.stop(TestWorker.java:123)
	at sun.reflect.NativeMethodAccessorImpl.invoke0(Native Method)
	at sun.reflect.NativeMethodAccessorImpl.invoke(NativeMethodAccessorImpl.java:62)
	at sun.reflect.DelegatingMethodAccessorImpl.invoke(DelegatingMethodAccessorImpl.java:43)
	at java.lang.reflect.Method.invoke(Method.java:498)
	at org.gradle.internal.dispatch.ReflectionDispatch.dispatch(ReflectionDispatch.java:35)
	at org.gradle.internal.dispatch.ReflectionDispatch.dispatch(ReflectionDispatch.java:24)
	at org.gradle.internal.remote.internal.hub.MessageHubBackedObjectConnection$DispatchWrapper.dispatch(MessageHubBackedObjectConnection.java:155)
	at org.gradle.internal.remote.internal.hub.MessageHubBackedObjectConnection$DispatchWrapper.dispatch(MessageHubBackedObjectConnection.java:137)
	at org.gradle.internal.remote.internal.hub.MessageHub$Handler.run(MessageHub.java:404)
	at org.gradle.internal.concurrent.ExecutorPolicy$CatchAndRecordFailures.onExecute(ExecutorPolicy.java:63)
	at org.gradle.internal.concurrent.ManagedExecutorImpl$1.run(ManagedExecutorImpl.java:46)
	at java.util.concurrent.ThreadPoolExecutor.runWorker(ThreadPoolExecutor.java:1149)
	at java.util.concurrent.ThreadPoolExecutor$Worker.run(ThreadPoolExecutor.java:624)
	at org.gradle.internal.concurrent.ThreadFactoryImpl$ManagedThreadRunnable.run(ThreadFactoryImpl.java:55)
	at java.lang.Thread.run(Thread.java:748)
</failure>
  </testcase>
  <testcase name="testOpenCardAfterReturnArchive" classname="ru.stqa.pft.wombat_admin.tests.GradeArchiveTest" time="1.89"/>
  <testcase name="testTextInModalUnArchived" classname="ru.stqa.pft.wombat_admin.tests.GradeArchiveTest" time="0.651"/>
  <testcase name="testTextInModalArchived" classname="ru.stqa.pft.wombat_admin.tests.GradeArchiveTest" time="0.763"/>
  <system-out><![CDATA[]]></system-out>
  <system-err><![CDATA[]]></system-err>
</testsuite>
