<?xml version="1.0" encoding="UTF-8"?>
<testsuite name="ru.stqa.pft.addressbook.tests.ContactAddTests" tests="1" skipped="0" failures="0" errors="0" timestamp="2018-11-06T07:46:07" hostname="Mac-mini-kuku-epta.local" time="4.38">
  <properties/>
  <testcase name="testAddContactTests" classname="ru.stqa.pft.addressbook.tests.ContactAddTests" time="4.38"/>
  <system-out><![CDATA[]]></system-out>
  <system-err><![CDATA[]]></system-err>
</testsuite>
